{"name": "test_email_without_dog", "status": "failed", "statusDetails": {"message": "AssertionError: Expected status code: 400, but actual 304. \n   Response:\n  \t Status:304 \n  \t Text: \nassert 304 == 400\n  +304\n  -400", "trace": "self = <test_create_user.TestApiCreate object at 0x000001F935F13310>\n\n>   ???\nE   AssertionError: Expected status code: 400, but actual 304. \nE      Response:\nE     \t Status:304 \nE     \t Text: \nE   assert 304 == 400\nE     +304\nE     -400\n\nD:\\ProgrammingProjects\\PythonProj\\final_project\\vkidTest\\tests\\api_test\\test_create_user.py:31: AssertionError"}, "start": 1640027048057, "stop": 1640027048112, "uuid": "a1b894ba-cbbf-4ddd-8cd5-366223aaf145", "historyId": "980d5d27c670021a72836d1cf08ffbc6", "testCaseId": "3aeb947ee0a1e86fc4e06fc70ae42662", "fullName": "tests.api_test.test_create_user.TestApiCreate#test_email_without_dog", "labels": [{"name": "epic", "value": "Awesome test application"}, {"name": "feature", "value": "API tests"}, {"name": "story", "value": "Create user"}, {"name": "parentSuite", "value": "tests.api_test"}, {"name": "suite", "value": "test_create_user"}, {"name": "subSuite", "value": "TestApiCreate"}, {"name": "host", "value": "DESKTOP-LERA"}, {"name": "thread", "value": "2648-MainThread"}, {"name": "framework", "value": "pytest"}, {"name": "language", "value": "cpython3"}, {"name": "package", "value": "tests.api_test.test_create_user"}]}