{"name": "test_email_without_dog", "status": "failed", "statusDetails": {"message": "AssertionError: Expected status code: 400, but actual 304. \n   Response:\n  \t Status:304 \n  \t Text: \nassert 304 == 400\n  +304\n  -400", "trace": "self = <test_create_user.TestApiCreate object at 0x000001BAFB246D90>\n\n    @allure.epic('Awesome test application')\n    @allure.feature('API tests')\n    @allure.story('Create user')\n    def test_email_without_dog(self):\n        res = self.api_client.create_user(username, password, email.replace(\"@\", \"\"))\n>       assert res.status_code == 400, f\"Expected status code: 400, but actual {res.status_code}. \" \\\n                                       f\"\\n Response:\\n\\t Status:{res.status_code} \\n\\t Text: {res.text}\"\nE       AssertionError: Expected status code: 400, but actual 304. \nE          Response:\nE         \t Status:304 \nE         \t Text: \nE       assert 304 == 400\nE         +304\nE         -400\n\ntests\\api_test\\test_create_user.py:31: AssertionError"}, "start": 1640010798457, "stop": 1640010798506, "uuid": "a093f37a-e386-419c-b554-81cbcb8db38c", "historyId": "980d5d27c670021a72836d1cf08ffbc6", "testCaseId": "3aeb947ee0a1e86fc4e06fc70ae42662", "fullName": "tests.api_test.test_create_user.TestApiCreate#test_email_without_dog", "labels": [{"name": "feature", "value": "API tests"}, {"name": "epic", "value": "Awesome test application"}, {"name": "story", "value": "Create user"}, {"name": "parentSuite", "value": "tests.api_test"}, {"name": "suite", "value": "test_create_user"}, {"name": "subSuite", "value": "TestApiCreate"}, {"name": "host", "value": "DESKTOP-LERA"}, {"name": "thread", "value": "6588-MainThread"}, {"name": "framework", "value": "pytest"}, {"name": "language", "value": "cpython3"}, {"name": "package", "value": "tests.api_test.test_create_user"}]}