{"name": "test_success_create", "status": "failed", "statusDetails": {"message": "AssertionError: Expected status code: 201, but actual 210. \n   Response:\n  \t Status:210 \n  \t Text: User was added!\nassert 210 == 201\n  +210\n  -201", "trace": "self = <test_create_user.TestApiCreate object at 0x000001F935F13C10>\n\n>   ???\nE   AssertionError: Expected status code: 201, but actual 210. \nE      Response:\nE     \t Status:210 \nE     \t Text: User was added!\nE   assert 210 == 201\nE     +210\nE     -201\n\nD:\\ProgrammingProjects\\PythonProj\\final_project\\vkidTest\\tests\\api_test\\test_create_user.py:14: AssertionError"}, "start": 1640027045763, "stop": 1640027045867, "uuid": "0b931928-81d3-4b52-9e46-65762d439e0d", "historyId": "a5ef174cc8cf0fb2922be593ef1d0189", "testCaseId": "6359c0de89beb5b0e9888715dbc7d835", "fullName": "tests.api_test.test_create_user.TestApiCreate#test_success_create", "labels": [{"name": "epic", "value": "Awesome test application"}, {"name": "feature", "value": "API tests"}, {"name": "story", "value": "Create user"}, {"name": "parentSuite", "value": "tests.api_test"}, {"name": "suite", "value": "test_create_user"}, {"name": "subSuite", "value": "TestApiCreate"}, {"name": "host", "value": "DESKTOP-LERA"}, {"name": "thread", "value": "2648-MainThread"}, {"name": "framework", "value": "pytest"}, {"name": "language", "value": "cpython3"}, {"name": "package", "value": "tests.api_test.test_create_user"}]}